# JRE version: OpenJDK Runtime Environment Temurin-17.0.1+12 (17.0.1+12) (build 17.0.1+12)
# Java VM: OpenJDK 64-Bit Server VM Temurin-17.0.1+12 (17.0.1+12, mixed mode, tiered, compressed oops, compressed class ptrs, parallel gc, windows-amd64)
GC Precious Log:
 CPUs: 12 total, 12 available
 Memory: 8051M
 Large Page Support: Disabled
 NUMA Support: Disabled
 Compressed Oops: Enabled (32-bit)
 Alignments: Space 512K, Generation 512K, Heap 2M
 Heap Min Capacity: 100M
 Heap Initial Capacity: 100M
 Heap Max Capacity: 1G
 Pre-touch: Disabled
 Parallel Workers: 10
Heap:
 PSYoungGen      total 22528K, used 13912K [0x00000000eab00000, 0x00000000ec900000, 0x0000000100000000)
  eden space 21504K, 61% used [0x00000000eab00000,0x00000000eb801ff8,0x00000000ec000000)
  from space 1024K, 57% used [0x00000000ec800000,0x00000000ec894010,0x00000000ec900000)
  to   space 2560K, 0% used [0x00000000ec400000,0x00000000ec400000,0x00000000ec680000)
 ParOldGen       total 100352K, used 86505K [0x00000000c0000000, 0x00000000c6200000, 0x00000000eab00000)
  object space 100352K, 86% used [0x00000000c0000000,0x00000000c547a7e0,0x00000000c6200000)
 Metaspace       used 59768K, committed 60608K, reserved 1105920K
  class space    used 6312K, committed 6656K, reserved 1048576K
GC Heap History (20 events):
Event: 4.919 GC heap before
{Heap before GC invocations=15 (full 2):
 PSYoungGen      total 24064K, used 23776K [0x00000000eab00000, 0x00000000ec800000, 0x0000000100000000)
  eden space 22016K, 100% used [0x00000000eab00000,0x00000000ec080000,0x00000000ec080000)
  from space 2048K, 85% used [0x00000000ec600000,0x00000000ec7b83d0,0x00000000ec800000)
  to   space 2560K, 0% used [0x00000000ec300000,0x00000000ec300000,0x00000000ec580000)
 ParOldGen       total 68608K, used 27417K [0x00000000c0000000, 0x00000000c4300000, 0x00000000eab00000)
  object space 68608K, 39% used [0x00000000c0000000,0x00000000c1ac64d0,0x00000000c4300000)
 Metaspace       used 50759K, committed 51584K, reserved 1097728K
  class space    used 5489K, committed 5888K, reserved 1048576K
}
Event: 4.924 GC heap after
{Heap after GC invocations=15 (full 2):
 PSYoungGen      total 23552K, used 1472K [0x00000000eab00000, 0x00000000ec680000, 0x0000000100000000)
  eden space 22016K, 0% used [0x00000000eab00000,0x00000000eab00000,0x00000000ec080000)
  from space 1536K, 95% used [0x00000000ec300000,0x00000000ec470020,0x00000000ec480000)
  to   space 2048K, 0% used [0x00000000ec480000,0x00000000ec480000,0x00000000ec680000)
 ParOldGen       total 68608K, used 28832K [0x00000000c0000000, 0x00000000c4300000, 0x00000000eab00000)
  object space 68608K, 42% used [0x00000000c0000000,0x00000000c1c28198,0x00000000c4300000)
 Metaspace       used 50759K, committed 51584K, reserved 1097728K
  class space    used 5489K, committed 5888K, reserved 1048576K
}
Event: 5.965 GC heap before
{Heap before GC invocations=16 (full 2):
 PSYoungGen      total 23552K, used 23472K [0x00000000eab00000, 0x00000000ec680000, 0x0000000100000000)
  eden space 22016K, 99% used [0x00000000eab00000,0x00000000ec07c138,0x00000000ec080000)
  from space 1536K, 95% used [0x00000000ec300000,0x00000000ec470020,0x00000000ec480000)
  to   space 2048K, 0% used [0x00000000ec480000,0x00000000ec480000,0x00000000ec680000)
 ParOldGen       total 68608K, used 29000K [0x00000000c0000000, 0x00000000c4300000, 0x00000000eab00000)
  object space 68608K, 42% used [0x00000000c0000000,0x00000000c1c52088,0x00000000c4300000)
 Metaspace       used 54630K, committed 55488K, reserved 1105920K
  class space    used 5881K, committed 6272K, reserved 1048576K
}
Event: 5.968 GC heap after
{Heap after GC invocations=16 (full 2):
 PSYoungGen      total 23552K, used 2041K [0x00000000eab00000, 0x00000000ec980000, 0x0000000100000000)
  eden space 21504K, 0% used [0x00000000eab00000,0x00000000eab00000,0x00000000ec000000)
  from space 2048K, 99% used [0x00000000ec480000,0x00000000ec67e6f8,0x00000000ec680000)
  to   space 4608K, 0% used [0x00000000ec000000,0x00000000ec000000,0x00000000ec480000)
 ParOldGen       total 68608K, used 30857K [0x00000000c0000000, 0x00000000c4300000, 0x00000000eab00000)
  object space 68608K, 44% used [0x00000000c0000000,0x00000000c1e22788,0x00000000c4300000)
 Metaspace       used 54630K, committed 55488K, reserved 1105920K
  class space    used 5881K, committed 6272K, reserved 1048576K
}
Event: 6.319 GC heap before
{Heap before GC invocations=17 (full 2):
 PSYoungGen      total 23552K, used 23545K [0x00000000eab00000, 0x00000000ec980000, 0x0000000100000000)
  eden space 21504K, 100% used [0x00000000eab00000,0x00000000ec000000,0x00000000ec000000)
  from space 2048K, 99% used [0x00000000ec480000,0x00000000ec67e6f8,0x00000000ec680000)
  to   space 4608K, 0% used [0x00000000ec000000,0x00000000ec000000,0x00000000ec480000)
 ParOldGen       total 68608K, used 30961K [0x00000000c0000000, 0x00000000c4300000, 0x00000000eab00000)
  object space 68608K, 45% used [0x00000000c0000000,0x00000000c1e3c6a8,0x00000000c4300000)
 Metaspace       used 57563K, committed 58432K, reserved 1105920K
  class space    used 6183K, committed 6528K, reserved 1048576K
}
Event: 6.325 GC heap after
{Heap after GC invocations=17 (full 2):
 PSYoungGen      total 26112K, used 4600K [0x00000000eab00000, 0x00000000ed280000, 0x0000000100000000)
  eden space 21504K, 0% used [0x00000000eab00000,0x00000000eab00000,0x00000000ec000000)
  from space 4608K, 99% used [0x00000000ec000000,0x00000000ec47e328,0x00000000ec480000)
  to   space 9216K, 0% used [0x00000000ec980000,0x00000000ec980000,0x00000000ed280000)
 ParOldGen       total 68608K, used 34693K [0x00000000c0000000, 0x00000000c4300000, 0x00000000eab00000)
  object space 68608K, 50% used [0x00000000c0000000,0x00000000c21e1530,0x00000000c4300000)
 Metaspace       used 57563K, committed 58432K, reserved 1105920K
  class space    used 6183K, committed 6528K, reserved 1048576K
}
Event: 6.469 GC heap before
{Heap before GC invocations=18 (full 2):
 PSYoungGen      total 26112K, used 26104K [0x00000000eab00000, 0x00000000ed280000, 0x0000000100000000)
  eden space 21504K, 100% used [0x00000000eab00000,0x00000000ec000000,0x00000000ec000000)
  from space 4608K, 99% used [0x00000000ec000000,0x00000000ec47e328,0x00000000ec480000)
  to   space 9216K, 0% used [0x00000000ec980000,0x00000000ec980000,0x00000000ed280000)
 ParOldGen       total 79872K, used 72034K [0x00000000c0000000, 0x00000000c4e00000, 0x00000000eab00000)
  object space 79872K, 90% used [0x00000000c0000000,0x00000000c46588f0,0x00000000c4e00000)
 Metaspace       used 57971K, committed 58944K, reserved 1105920K
  class space    used 6232K, committed 6656K, reserved 1048576K
}
Event: 6.474 GC heap after
{Heap after GC invocations=18 (full 2):
 PSYoungGen      total 24064K, used 2176K [0x00000000eab00000, 0x00000000ecc00000, 0x0000000100000000)
  eden space 21504K, 0% used [0x00000000eab00000,0x00000000eab00000,0x00000000ec000000)
  from space 2560K, 85% used [0x00000000ec980000,0x00000000ecba0000,0x00000000ecc00000)
  to   space 4608K, 0% used [0x00000000ec300000,0x00000000ec300000,0x00000000ec780000)
 ParOldGen       total 79872K, used 75274K [0x00000000c0000000, 0x00000000c4e00000, 0x00000000eab00000)
  object space 79872K, 94% used [0x00000000c0000000,0x00000000c4982bf8,0x00000000c4e00000)
 Metaspace       used 57971K, committed 58944K, reserved 1105920K
  class space    used 6232K, committed 6656K, reserved 1048576K
}
Event: 6.602 GC heap before
{Heap before GC invocations=19 (full 2):
 PSYoungGen      total 24064K, used 23680K [0x00000000eab00000, 0x00000000ecc00000, 0x0000000100000000)
  eden space 21504K, 100% used [0x00000000eab00000,0x00000000ec000000,0x00000000ec000000)
  from space 2560K, 85% used [0x00000000ec980000,0x00000000ecba0000,0x00000000ecc00000)
  to   space 4608K, 0% used [0x00000000ec300000,0x00000000ec300000,0x00000000ec780000)
 ParOldGen       total 79872K, used 75274K [0x00000000c0000000, 0x00000000c4e00000, 0x00000000eab00000)
  object space 79872K, 94% used [0x00000000c0000000,0x00000000c4982bf8,0x00000000c4e00000)
 Metaspace       used 58410K, committed 59328K, reserved 1105920K
  class space    used 6269K, committed 6656K, reserved 1048576K
}
Event: 6.618 GC heap after
{Heap after GC invocations=19 (full 2):
 PSYoungGen      total 26112K, used 4598K [0x00000000eab00000, 0x00000000ee700000, 0x0000000100000000)
  eden space 21504K, 0% used [0x00000000eab00000,0x00000000eab00000,0x00000000ec000000)
  from space 4608K, 99% used [0x00000000ec300000,0x00000000ec77d988,0x00000000ec780000)
  to   space 19968K, 0% used [0x00000000ed380000,0x00000000ed380000,0x00000000ee700000)
 ParOldGen       total 88064K, used 87768K [0x00000000c0000000, 0x00000000c5600000, 0x00000000eab00000)
  object space 88064K, 99% used [0x00000000c0000000,0x00000000c55b61b8,0x00000000c5600000)
 Metaspace       used 58410K, committed 59328K, reserved 1105920K
  class space    used 6269K, committed 6656K, reserved 1048576K
}
Event: 6.618 GC heap before
{Heap before GC invocations=20 (full 3):
 PSYoungGen      total 26112K, used 4598K [0x00000000eab00000, 0x00000000ee700000, 0x0000000100000000)
  eden space 21504K, 0% used [0x00000000eab00000,0x00000000eab00000,0x00000000ec000000)
  from space 4608K, 99% used [0x00000000ec300000,0x00000000ec77d988,0x00000000ec780000)
  to   space 19968K, 0% used [0x00000000ed380000,0x00000000ed380000,0x00000000ee700000)
 ParOldGen       total 88064K, used 87768K [0x00000000c0000000, 0x00000000c5600000, 0x00000000eab00000)
  object space 88064K, 99% used [0x00000000c0000000,0x00000000c55b61b8,0x00000000c5600000)
 Metaspace       used 58410K, committed 59328K, reserved 1105920K
  class space    used 6269K, committed 6656K, reserved 1048576K
}
Event: 6.696 GC heap after
{Heap after GC invocations=20 (full 3):
 PSYoungGen      total 41472K, used 0K [0x00000000eab00000, 0x00000000ee700000, 0x0000000100000000)
  eden space 21504K, 0% used [0x00000000eab00000,0x00000000eab00000,0x00000000ec000000)
  from space 19968K, 0% used [0x00000000ed380000,0x00000000ed380000,0x00000000ee700000)
  to   space 19968K, 0% used [0x00000000ec000000,0x00000000ec000000,0x00000000ed380000)
 ParOldGen       total 100352K, used 61055K [0x00000000c0000000, 0x00000000c6200000, 0x00000000eab00000)
  object space 100352K, 60% used [0x00000000c0000000,0x00000000c3b9ff40,0x00000000c6200000)
 Metaspace       used 58406K, committed 59328K, reserved 1105920K
  class space    used 6268K, committed 6656K, reserved 1048576K
}
Event: 6.749 GC heap before
{Heap before GC invocations=21 (full 3):
 PSYoungGen      total 41472K, used 21504K [0x00000000eab00000, 0x00000000ee700000, 0x0000000100000000)
  eden space 21504K, 100% used [0x00000000eab00000,0x00000000ec000000,0x00000000ec000000)
  from space 19968K, 0% used [0x00000000ed380000,0x00000000ed380000,0x00000000ee700000)
  to   space 19968K, 0% used [0x00000000ec000000,0x00000000ec000000,0x00000000ed380000)
 ParOldGen       total 100352K, used 61055K [0x00000000c0000000, 0x00000000c6200000, 0x00000000eab00000)
  object space 100352K, 60% used [0x00000000c0000000,0x00000000c3b9ff40,0x00000000c6200000)
 Metaspace       used 58407K, committed 59328K, reserved 1105920K
  class space    used 6268K, committed 6656K, reserved 1048576K
}
Event: 6.758 GC heap after
{Heap after GC invocations=21 (full 3):
 PSYoungGen      total 36864K, used 15168K [0x00000000eab00000, 0x00000000edf00000, 0x0000000100000000)
  eden space 21504K, 0% used [0x00000000eab00000,0x00000000eab00000,0x00000000ec000000)
  from space 15360K, 98% used [0x00000000ec000000,0x00000000eced0000,0x00000000ecf00000)
  to   space 15872K, 0% used [0x00000000ecf80000,0x00000000ecf80000,0x00000000edf00000)
 ParOldGen       total 100352K, used 61055K [0x00000000c0000000, 0x00000000c6200000, 0x00000000eab00000)
  object space 100352K, 60% used [0x00000000c0000000,0x00000000c3b9ff40,0x00000000c6200000)
 Metaspace       used 58407K, committed 59328K, reserved 1105920K
  class space    used 6268K, committed 6656K, reserved 1048576K
}
Event: 37.773 GC heap before
{Heap before GC invocations=22 (full 3):
 PSYoungGen      total 36864K, used 36672K [0x00000000eab00000, 0x00000000edf00000, 0x0000000100000000)
  eden space 21504K, 100% used [0x00000000eab00000,0x00000000ec000000,0x00000000ec000000)
  from space 15360K, 98% used [0x00000000ec000000,0x00000000eced0000,0x00000000ecf00000)
  to   space 15872K, 0% used [0x00000000ecf80000,0x00000000ecf80000,0x00000000edf00000)
 ParOldGen       total 100352K, used 61055K [0x00000000c0000000, 0x00000000c6200000, 0x00000000eab00000)
  object space 100352K, 60% used [0x00000000c0000000,0x00000000c3b9ff40,0x00000000c6200000)
 Metaspace       used 58481K, committed 59392K, reserved 1105920K
  class space    used 6270K, committed 6656K, reserved 1048576K
}
Event: 37.786 GC heap after
{Heap after GC invocations=22 (full 3):
 PSYoungGen      total 37376K, used 15690K [0x00000000eab00000, 0x00000000edf00000, 0x0000000100000000)
  eden space 21504K, 0% used [0x00000000eab00000,0x00000000eab00000,0x00000000ec000000)
  from space 15872K, 98% used [0x00000000ecf80000,0x00000000eded2930,0x00000000edf00000)
  to   space 15872K, 0% used [0x00000000ec000000,0x00000000ec000000,0x00000000ecf80000)
 ParOldGen       total 100352K, used 76119K [0x00000000c0000000, 0x00000000c6200000, 0x00000000eab00000)
  object space 100352K, 75% used [0x00000000c0000000,0x00000000c4a55f40,0x00000000c6200000)
 Metaspace       used 58481K, committed 59392K, reserved 1105920K
  class space    used 6270K, committed 6656K, reserved 1048576K
}
Event: 39.377 GC heap before
{Heap before GC invocations=23 (full 3):
 PSYoungGen      total 37376K, used 37194K [0x00000000eab00000, 0x00000000edf00000, 0x0000000100000000)
  eden space 21504K, 100% used [0x00000000eab00000,0x00000000ec000000,0x00000000ec000000)
  from space 15872K, 98% used [0x00000000ecf80000,0x00000000eded2930,0x00000000edf00000)
  to   space 15872K, 0% used [0x00000000ec000000,0x00000000ec000000,0x00000000ecf80000)
 ParOldGen       total 100352K, used 76119K [0x00000000c0000000, 0x00000000c6200000, 0x00000000eab00000)
  object space 100352K, 75% used [0x00000000c0000000,0x00000000c4a55f40,0x00000000c6200000)
 Metaspace       used 59130K, committed 59968K, reserved 1105920K
  class space    used 6300K, committed 6656K, reserved 1048576K
}
Event: 39.383 GC heap after
{Heap after GC invocations=23 (full 3):
 PSYoungGen      total 25600K, used 3703K [0x00000000eab00000, 0x00000000ed000000, 0x0000000100000000)
  eden space 21504K, 0% used [0x00000000eab00000,0x00000000eab00000,0x00000000ec000000)
  from space 4096K, 90% used [0x00000000ec000000,0x00000000ec39df80,0x00000000ec400000)
  to   space 8192K, 0% used [0x00000000ec800000,0x00000000ec800000,0x00000000ed000000)
 ParOldGen       total 100352K, used 82855K [0x00000000c0000000, 0x00000000c6200000, 0x00000000eab00000)
  object space 100352K, 82% used [0x00000000c0000000,0x00000000c50e9f40,0x00000000c6200000)
 Metaspace       used 59130K, committed 59968K, reserved 1105920K
  class space    used 6300K, committed 6656K, reserved 1048576K
}
Event: 42.979 GC heap before
{Heap before GC invocations=24 (full 3):
 PSYoungGen      total 25600K, used 25207K [0x00000000eab00000, 0x00000000ed000000, 0x0000000100000000)
  eden space 21504K, 100% used [0x00000000eab00000,0x00000000ec000000,0x00000000ec000000)
  from space 4096K, 90% used [0x00000000ec000000,0x00000000ec39df80,0x00000000ec400000)
  to   space 8192K, 0% used [0x00000000ec800000,0x00000000ec800000,0x00000000ed000000)
 ParOldGen       total 100352K, used 82855K [0x00000000c0000000, 0x00000000c6200000, 0x00000000eab00000)
  object space 100352K, 82% used [0x00000000c0000000,0x00000000c50e9f40,0x00000000c6200000)
 Metaspace       used 59736K, committed 60608K, reserved 1105920K
  class space    used 6312K, committed 6656K, reserved 1048576K
}
Event: 42.982 GC heap after
{Heap after GC invocations=24 (full 3):
 PSYoungGen      total 22528K, used 592K [0x00000000eab00000, 0x00000000ec900000, 0x0000000100000000)
  eden space 21504K, 0% used [0x00000000eab00000,0x00000000eab00000,0x00000000ec000000)
  from space 1024K, 57% used [0x00000000ec800000,0x00000000ec894010,0x00000000ec900000)
  to   space 2560K, 0% used [0x00000000ec400000,0x00000000ec400000,0x00000000ec680000)
 ParOldGen       total 100352K, used 86505K [0x00000000c0000000, 0x00000000c6200000, 0x00000000eab00000)
  object space 100352K, 86% used [0x00000000c0000000,0x00000000c547a7e0,0x00000000c6200000)
 Metaspace       used 59736K, committed 60608K, reserved 1105920K
  class space    used 6312K, committed 6656K, reserved 1048576K
}

