# JRE version: OpenJDK Runtime Environment Temurin-17.0.1+12 (17.0.1+12) (build 17.0.1+12)
# Java VM: OpenJDK 64-Bit Server VM Temurin-17.0.1+12 (17.0.1+12, mixed mode, tiered, compressed oops, compressed class ptrs, parallel gc, windows-amd64)
GC Precious Log:
 CPUs: 12 total, 12 available
 Memory: 8051M
 Large Page Support: Disabled
 NUMA Support: Disabled
 Compressed Oops: Enabled (32-bit)
 Alignments: Space 512K, Generation 512K, Heap 2M
 Heap Min Capacity: 100M
 Heap Initial Capacity: 100M
 Heap Max Capacity: 1G
 Pre-touch: Disabled
 Parallel Workers: 10
Heap:
 PSYoungGen      total 31232K, used 13671K [0x00000000eab00000, 0x00000000ed600000, 0x0000000100000000)
  eden space 19456K, 9% used [0x00000000eab00000,0x00000000eacdddf0,0x00000000ebe00000)
  from space 11776K, 99% used [0x00000000eca80000,0x00000000ed5fc010,0x00000000ed600000)
  to   space 1536K, 0% used [0x00000000ebe00000,0x00000000ebe00000,0x00000000ebf80000)
 ParOldGen       total 99328K, used 79341K [0x00000000c0000000, 0x00000000c6100000, 0x00000000eab00000)
  object space 99328K, 79% used [0x00000000c0000000,0x00000000c4d7b690,0x00000000c6100000)
 Metaspace       used 60221K, committed 60992K, reserved 1105920K
  class space    used 6490K, committed 6784K, reserved 1048576K
GC Heap History (20 events):
Event: 5.325 GC heap before
{Heap before GC invocations=19 (full 2):
 PSYoungGen      total 20992K, used 20405K [0x00000000eab00000, 0x00000000ed280000, 0x0000000100000000)
  eden space 16896K, 96% used [0x00000000eab00000,0x00000000ebaef550,0x00000000ebb80000)
  from space 4096K, 99% used [0x00000000ec480000,0x00000000ec87e1f0,0x00000000ec880000)
  to   space 9216K, 0% used [0x00000000ebb80000,0x00000000ebb80000,0x00000000ec480000)
 ParOldGen       total 68608K, used 33784K [0x00000000c0000000, 0x00000000c4300000, 0x00000000eab00000)
  object space 68608K, 49% used [0x00000000c0000000,0x00000000c20fe0e8,0x00000000c4300000)
 Metaspace       used 58336K, committed 59200K, reserved 1105920K
  class space    used 6309K, committed 6656K, reserved 1048576K
}
Event: 5.330 GC heap after
{Heap after GC invocations=19 (full 2):
 PSYoungGen      total 22016K, used 4919K [0x00000000eab00000, 0x00000000ec780000, 0x0000000100000000)
  eden space 16896K, 0% used [0x00000000eab00000,0x00000000eab00000,0x00000000ebb80000)
  from space 5120K, 96% used [0x00000000ebb80000,0x00000000ec04dd58,0x00000000ec080000)
  to   space 6144K, 0% used [0x00000000ec180000,0x00000000ec180000,0x00000000ec780000)
 ParOldGen       total 68608K, used 36347K [0x00000000c0000000, 0x00000000c4300000, 0x00000000eab00000)
  object space 68608K, 52% used [0x00000000c0000000,0x00000000c237ef08,0x00000000c4300000)
 Metaspace       used 58336K, committed 59200K, reserved 1105920K
  class space    used 6309K, committed 6656K, reserved 1048576K
}
Event: 5.360 GC heap before
{Heap before GC invocations=20 (full 2):
 PSYoungGen      total 22016K, used 21815K [0x00000000eab00000, 0x00000000ec780000, 0x0000000100000000)
  eden space 16896K, 100% used [0x00000000eab00000,0x00000000ebb80000,0x00000000ebb80000)
  from space 5120K, 96% used [0x00000000ebb80000,0x00000000ec04dd58,0x00000000ec080000)
  to   space 6144K, 0% used [0x00000000ec180000,0x00000000ec180000,0x00000000ec780000)
 ParOldGen       total 68608K, used 36347K [0x00000000c0000000, 0x00000000c4300000, 0x00000000eab00000)
  object space 68608K, 52% used [0x00000000c0000000,0x00000000c237ef30,0x00000000c4300000)
 Metaspace       used 58408K, committed 59264K, reserved 1105920K
  class space    used 6315K, committed 6656K, reserved 1048576K
}
Event: 5.367 GC heap after
{Heap after GC invocations=20 (full 2):
 PSYoungGen      total 19456K, used 2496K [0x00000000eab00000, 0x00000000ec400000, 0x0000000100000000)
  eden space 16896K, 0% used [0x00000000eab00000,0x00000000eab00000,0x00000000ebb80000)
  from space 2560K, 97% used [0x00000000ec180000,0x00000000ec3f0010,0x00000000ec400000)
  to   space 3584K, 0% used [0x00000000ebd00000,0x00000000ebd00000,0x00000000ec080000)
 ParOldGen       total 68608K, used 48871K [0x00000000c0000000, 0x00000000c4300000, 0x00000000eab00000)
  object space 68608K, 71% used [0x00000000c0000000,0x00000000c2fb9c20,0x00000000c4300000)
 Metaspace       used 58408K, committed 59264K, reserved 1105920K
  class space    used 6315K, committed 6656K, reserved 1048576K
}
Event: 5.385 GC heap before
{Heap before GC invocations=21 (full 2):
 PSYoungGen      total 19456K, used 19392K [0x00000000eab00000, 0x00000000ec400000, 0x0000000100000000)
  eden space 16896K, 100% used [0x00000000eab00000,0x00000000ebb80000,0x00000000ebb80000)
  from space 2560K, 97% used [0x00000000ec180000,0x00000000ec3f0010,0x00000000ec400000)
  to   space 3584K, 0% used [0x00000000ebd00000,0x00000000ebd00000,0x00000000ec080000)
 ParOldGen       total 68608K, used 48890K [0x00000000c0000000, 0x00000000c4300000, 0x00000000eab00000)
  object space 68608K, 71% used [0x00000000c0000000,0x00000000c2fbe8c8,0x00000000c4300000)
 Metaspace       used 58559K, committed 59456K, reserved 1105920K
  class space    used 6334K, committed 6720K, reserved 1048576K
}
Event: 5.398 GC heap after
{Heap after GC invocations=21 (full 2):
 PSYoungGen      total 20480K, used 661K [0x00000000eab00000, 0x00000000ec200000, 0x0000000100000000)
  eden space 16896K, 0% used [0x00000000eab00000,0x00000000eab00000,0x00000000ebb80000)
  from space 3584K, 18% used [0x00000000ebd00000,0x00000000ebda5440,0x00000000ec080000)
  to   space 1536K, 0% used [0x00000000ec080000,0x00000000ec080000,0x00000000ec200000)
 ParOldGen       total 68608K, used 66606K [0x00000000c0000000, 0x00000000c4300000, 0x00000000eab00000)
  object space 68608K, 97% used [0x00000000c0000000,0x00000000c410b988,0x00000000c4300000)
 Metaspace       used 58559K, committed 59456K, reserved 1105920K
  class space    used 6334K, committed 6720K, reserved 1048576K
}
Event: 5.398 GC heap before
{Heap before GC invocations=22 (full 3):
 PSYoungGen      total 20480K, used 661K [0x00000000eab00000, 0x00000000ec200000, 0x0000000100000000)
  eden space 16896K, 0% used [0x00000000eab00000,0x00000000eab00000,0x00000000ebb80000)
  from space 3584K, 18% used [0x00000000ebd00000,0x00000000ebda5440,0x00000000ec080000)
  to   space 1536K, 0% used [0x00000000ec080000,0x00000000ec080000,0x00000000ec200000)
 ParOldGen       total 68608K, used 66606K [0x00000000c0000000, 0x00000000c4300000, 0x00000000eab00000)
  object space 68608K, 97% used [0x00000000c0000000,0x00000000c410b988,0x00000000c4300000)
 Metaspace       used 58559K, committed 59456K, reserved 1105920K
  class space    used 6334K, committed 6720K, reserved 1048576K
}
Event: 5.453 GC heap after
{Heap after GC invocations=22 (full 3):
 PSYoungGen      total 17408K, used 0K [0x00000000eab00000, 0x00000000ec100000, 0x0000000100000000)
  eden space 16896K, 0% used [0x00000000eab00000,0x00000000eab00000,0x00000000ebb80000)
  from space 512K, 0% used [0x00000000ec080000,0x00000000ec080000,0x00000000ec100000)
  to   space 1536K, 0% used [0x00000000ebe00000,0x00000000ebe00000,0x00000000ebf80000)
 ParOldGen       total 99328K, used 55202K [0x00000000c0000000, 0x00000000c6100000, 0x00000000eab00000)
  object space 99328K, 55% used [0x00000000c0000000,0x00000000c35e8b30,0x00000000c6100000)
 Metaspace       used 58556K, committed 59456K, reserved 1105920K
  class space    used 6333K, committed 6720K, reserved 1048576K
}
Event: 5.490 GC heap before
{Heap before GC invocations=23 (full 3):
 PSYoungGen      total 17408K, used 16896K [0x00000000eab00000, 0x00000000ec100000, 0x0000000100000000)
  eden space 16896K, 100% used [0x00000000eab00000,0x00000000ebb80000,0x00000000ebb80000)
  from space 512K, 0% used [0x00000000ec080000,0x00000000ec080000,0x00000000ec100000)
  to   space 1536K, 0% used [0x00000000ebe00000,0x00000000ebe00000,0x00000000ebf80000)
 ParOldGen       total 99328K, used 66214K [0x00000000c0000000, 0x00000000c6100000, 0x00000000eab00000)
  object space 99328K, 66% used [0x00000000c0000000,0x00000000c40a9998,0x00000000c6100000)
 Metaspace       used 59082K, committed 59968K, reserved 1105920K
  class space    used 6393K, committed 6720K, reserved 1048576K
}
Event: 5.492 GC heap after
{Heap after GC invocations=23 (full 3):
 PSYoungGen      total 18432K, used 1507K [0x00000000eab00000, 0x00000000ec380000, 0x0000000100000000)
  eden space 16896K, 0% used [0x00000000eab00000,0x00000000eab00000,0x00000000ebb80000)
  from space 1536K, 98% used [0x00000000ebe00000,0x00000000ebf78fa8,0x00000000ebf80000)
  to   space 4096K, 0% used [0x00000000ebf80000,0x00000000ebf80000,0x00000000ec380000)
 ParOldGen       total 99328K, used 68149K [0x00000000c0000000, 0x00000000c6100000, 0x00000000eab00000)
  object space 99328K, 68% used [0x00000000c0000000,0x00000000c428d750,0x00000000c6100000)
 Metaspace       used 59082K, committed 59968K, reserved 1105920K
  class space    used 6393K, committed 6720K, reserved 1048576K
}
Event: 5.552 GC heap before
{Heap before GC invocations=24 (full 3):
 PSYoungGen      total 18432K, used 18403K [0x00000000eab00000, 0x00000000ec380000, 0x0000000100000000)
  eden space 16896K, 100% used [0x00000000eab00000,0x00000000ebb80000,0x00000000ebb80000)
  from space 1536K, 98% used [0x00000000ebe00000,0x00000000ebf78fa8,0x00000000ebf80000)
  to   space 4096K, 0% used [0x00000000ebf80000,0x00000000ebf80000,0x00000000ec380000)
 ParOldGen       total 99328K, used 68149K [0x00000000c0000000, 0x00000000c6100000, 0x00000000eab00000)
  object space 99328K, 68% used [0x00000000c0000000,0x00000000c428d750,0x00000000c6100000)
 Metaspace       used 59301K, committed 60160K, reserved 1105920K
  class space    used 6411K, committed 6720K, reserved 1048576K
}
Event: 5.560 GC heap after
{Heap after GC invocations=24 (full 3):
 PSYoungGen      total 20992K, used 4096K [0x00000000eab00000, 0x00000000ec380000, 0x0000000100000000)
  eden space 16896K, 0% used [0x00000000eab00000,0x00000000eab00000,0x00000000ebb80000)
  from space 4096K, 100% used [0x00000000ebf80000,0x00000000ec380000,0x00000000ec380000)
  to   space 1536K, 0% used [0x00000000ebe00000,0x00000000ebe00000,0x00000000ebf80000)
 ParOldGen       total 99328K, used 76507K [0x00000000c0000000, 0x00000000c6100000, 0x00000000eab00000)
  object space 99328K, 77% used [0x00000000c0000000,0x00000000c4ab6e80,0x00000000c6100000)
 Metaspace       used 59301K, committed 60160K, reserved 1105920K
  class space    used 6411K, committed 6720K, reserved 1048576K
}
Event: 5.613 GC heap before
{Heap before GC invocations=25 (full 3):
 PSYoungGen      total 20992K, used 20992K [0x00000000eab00000, 0x00000000ec380000, 0x0000000100000000)
  eden space 16896K, 100% used [0x00000000eab00000,0x00000000ebb80000,0x00000000ebb80000)
  from space 4096K, 100% used [0x00000000ebf80000,0x00000000ec380000,0x00000000ec380000)
  to   space 1536K, 0% used [0x00000000ebe00000,0x00000000ebe00000,0x00000000ebf80000)
 ParOldGen       total 99328K, used 76507K [0x00000000c0000000, 0x00000000c6100000, 0x00000000eab00000)
  object space 99328K, 77% used [0x00000000c0000000,0x00000000c4ab6e80,0x00000000c6100000)
 Metaspace       used 59604K, committed 60416K, reserved 1105920K
  class space    used 6435K, committed 6720K, reserved 1048576K
}
Event: 5.621 GC heap after
{Heap after GC invocations=25 (full 3):
 PSYoungGen      total 18432K, used 1536K [0x00000000eab00000, 0x00000000ed780000, 0x0000000100000000)
  eden space 16896K, 0% used [0x00000000eab00000,0x00000000eab00000,0x00000000ebb80000)
  from space 1536K, 100% used [0x00000000ebe00000,0x00000000ebf80000,0x00000000ebf80000)
  to   space 14336K, 0% used [0x00000000ec980000,0x00000000ec980000,0x00000000ed780000)
 ParOldGen       total 99328K, used 88451K [0x00000000c0000000, 0x00000000c6100000, 0x00000000eab00000)
  object space 99328K, 89% used [0x00000000c0000000,0x00000000c5660cb0,0x00000000c6100000)
 Metaspace       used 59604K, committed 60416K, reserved 1105920K
  class space    used 6435K, committed 6720K, reserved 1048576K
}
Event: 5.621 GC heap before
{Heap before GC invocations=26 (full 4):
 PSYoungGen      total 18432K, used 1536K [0x00000000eab00000, 0x00000000ed780000, 0x0000000100000000)
  eden space 16896K, 0% used [0x00000000eab00000,0x00000000eab00000,0x00000000ebb80000)
  from space 1536K, 100% used [0x00000000ebe00000,0x00000000ebf80000,0x00000000ebf80000)
  to   space 14336K, 0% used [0x00000000ec980000,0x00000000ec980000,0x00000000ed780000)
 ParOldGen       total 99328K, used 88451K [0x00000000c0000000, 0x00000000c6100000, 0x00000000eab00000)
  object space 99328K, 89% used [0x00000000c0000000,0x00000000c5660cb0,0x00000000c6100000)
 Metaspace       used 59604K, committed 60416K, reserved 1105920K
  class space    used 6435K, committed 6720K, reserved 1048576K
}
Event: 5.668 GC heap after
{Heap after GC invocations=26 (full 4):
 PSYoungGen      total 31232K, used 0K [0x00000000eab00000, 0x00000000ed780000, 0x0000000100000000)
  eden space 16896K, 0% used [0x00000000eab00000,0x00000000eab00000,0x00000000ebb80000)
  from space 14336K, 0% used [0x00000000ec980000,0x00000000ec980000,0x00000000ed780000)
  to   space 1536K, 0% used [0x00000000ebe00000,0x00000000ebe00000,0x00000000ebf80000)
 ParOldGen       total 99328K, used 68400K [0x00000000c0000000, 0x00000000c6100000, 0x00000000eab00000)
  object space 99328K, 68% used [0x00000000c0000000,0x00000000c42cc090,0x00000000c6100000)
 Metaspace       used 59602K, committed 60416K, reserved 1105920K
  class space    used 6435K, committed 6720K, reserved 1048576K
}
Event: 5.712 GC heap before
{Heap before GC invocations=27 (full 4):
 PSYoungGen      total 31232K, used 16895K [0x00000000eab00000, 0x00000000ed780000, 0x0000000100000000)
  eden space 16896K, 99% used [0x00000000eab00000,0x00000000ebb7fff8,0x00000000ebb80000)
  from space 14336K, 0% used [0x00000000ec980000,0x00000000ec980000,0x00000000ed780000)
  to   space 1536K, 0% used [0x00000000ebe00000,0x00000000ebe00000,0x00000000ebf80000)
 ParOldGen       total 99328K, used 68400K [0x00000000c0000000, 0x00000000c6100000, 0x00000000eab00000)
  object space 99328K, 68% used [0x00000000c0000000,0x00000000c42cc090,0x00000000c6100000)
 Metaspace       used 59760K, committed 60544K, reserved 1105920K
  class space    used 6445K, committed 6720K, reserved 1048576K
}
Event: 5.718 GC heap after
{Heap after GC invocations=27 (full 4):
 PSYoungGen      total 20992K, used 1536K [0x00000000eab00000, 0x00000000ed600000, 0x0000000100000000)
  eden space 19456K, 0% used [0x00000000eab00000,0x00000000eab00000,0x00000000ebe00000)
  from space 1536K, 100% used [0x00000000ebe00000,0x00000000ebf80000,0x00000000ebf80000)
  to   space 11776K, 0% used [0x00000000eca80000,0x00000000eca80000,0x00000000ed600000)
 ParOldGen       total 99328K, used 77248K [0x00000000c0000000, 0x00000000c6100000, 0x00000000eab00000)
  object space 99328K, 77% used [0x00000000c0000000,0x00000000c4b70090,0x00000000c6100000)
 Metaspace       used 59760K, committed 60544K, reserved 1105920K
  class space    used 6445K, committed 6720K, reserved 1048576K
}
Event: 5.771 GC heap before
{Heap before GC invocations=28 (full 4):
 PSYoungGen      total 20992K, used 20992K [0x00000000eab00000, 0x00000000ed600000, 0x0000000100000000)
  eden space 19456K, 100% used [0x00000000eab00000,0x00000000ebe00000,0x00000000ebe00000)
  from space 1536K, 100% used [0x00000000ebe00000,0x00000000ebf80000,0x00000000ebf80000)
  to   space 11776K, 0% used [0x00000000eca80000,0x00000000eca80000,0x00000000ed600000)
 ParOldGen       total 99328K, used 77248K [0x00000000c0000000, 0x00000000c6100000, 0x00000000eab00000)
  object space 99328K, 77% used [0x00000000c0000000,0x00000000c4b70090,0x00000000c6100000)
 Metaspace       used 60193K, committed 60992K, reserved 1105920K
  class space    used 6484K, committed 6784K, reserved 1048576K
}
Event: 5.778 GC heap after
{Heap after GC invocations=28 (full 4):
 PSYoungGen      total 31232K, used 11760K [0x00000000eab00000, 0x00000000ed600000, 0x0000000100000000)
  eden space 19456K, 0% used [0x00000000eab00000,0x00000000eab00000,0x00000000ebe00000)
  from space 11776K, 99% used [0x00000000eca80000,0x00000000ed5fc010,0x00000000ed600000)
  to   space 1536K, 0% used [0x00000000ebe00000,0x00000000ebe00000,0x00000000ebf80000)
 ParOldGen       total 99328K, used 79341K [0x00000000c0000000, 0x00000000c6100000, 0x00000000eab00000)
  object space 99328K, 79% used [0x00000000c0000000,0x00000000c4d7b690,0x00000000c6100000)
 Metaspace       used 60193K, committed 60992K, reserved 1105920K
  class space    used 6484K, committed 6784K, reserved 1048576K
}

